2025-12-12 13:07:22,032 DEBUG    root            Loaded Command Group: ['gcloud', 'projects']
2025-12-12 13:07:22,042 DEBUG    root            Loaded Command Group: ['gcloud', 'projects', 'describe']
2025-12-12 13:07:22,045 DEBUG    root            Running [gcloud.projects.describe] with arguments: [PROJECT_ID_OR_NUMBER: "true-shoreline-469411-a3"]
2025-12-12 13:07:22,106 DEBUG    google.auth.transport.requests Making request: GET http://metadata.google.internal/computeMetadata/v1/instance/service-accounts/309524653590-compute@developer.gserviceaccount.com/?recursive=true
2025-12-12 13:07:22,109 DEBUG    urllib3.connectionpool Starting new HTTP connection (1): metadata.google.internal:80
2025-12-12 13:07:22,113 DEBUG    urllib3.connectionpool http://metadata.google.internal:80 "GET /computeMetadata/v1/instance/service-accounts/309524653590-compute@developer.gserviceaccount.com/?recursive=true HTTP/1.1" 200 141
2025-12-12 13:07:22,114 DEBUG    google.auth.transport.requests Making request: GET http://metadata.google.internal/computeMetadata/v1/instance/service-accounts/309524653590-compute@developer.gserviceaccount.com/token
2025-12-12 13:07:22,117 DEBUG    urllib3.connectionpool http://metadata.google.internal:80 "GET /computeMetadata/v1/instance/service-accounts/309524653590-compute@developer.gserviceaccount.com/token HTTP/1.1" 200 871
2025-12-12 13:07:22,144 DEBUG    urllib3.connectionpool Starting new HTTPS connection (1): cloudresourcemanager.googleapis.com:443
2025-12-12 13:07:22,203 DEBUG    urllib3.connectionpool https://cloudresourcemanager.googleapis.com:443 "GET /v1/projects/true-shoreline-469411-a3?alt=json HTTP/1.1" 200 None
2025-12-12 13:07:22,205 DEBUG    root            Chosen display Format:default
2025-12-12 13:07:22,205 INFO     root            Display format: "default"
2025-12-12 13:07:22,260 INFO     ___FILE_ONLY___ createTime
2025-12-12 13:07:22,260 INFO     ___FILE_ONLY___ :
2025-12-12 13:07:22,260 INFO     ___FILE_ONLY___  '
2025-12-12 13:07:22,260 INFO     ___FILE_ONLY___ 2025-08-18T11:49:50.841051Z
2025-12-12 13:07:22,260 INFO     ___FILE_ONLY___ '
2025-12-12 13:07:22,260 INFO     ___FILE_ONLY___ 

2025-12-12 13:07:22,261 INFO     ___FILE_ONLY___ lifecycleState
2025-12-12 13:07:22,261 INFO     ___FILE_ONLY___ :
2025-12-12 13:07:22,261 INFO     ___FILE_ONLY___  
2025-12-12 13:07:22,261 INFO     ___FILE_ONLY___ ACTIVE
2025-12-12 13:07:22,262 INFO     ___FILE_ONLY___ 

2025-12-12 13:07:22,262 INFO     ___FILE_ONLY___ name
2025-12-12 13:07:22,262 INFO     ___FILE_ONLY___ :
2025-12-12 13:07:22,262 INFO     ___FILE_ONLY___  
2025-12-12 13:07:22,262 INFO     ___FILE_ONLY___ everkind-demo
2025-12-12 13:07:22,262 INFO     ___FILE_ONLY___ 

2025-12-12 13:07:22,263 INFO     ___FILE_ONLY___ parent
2025-12-12 13:07:22,263 INFO     ___FILE_ONLY___ :
2025-12-12 13:07:22,263 INFO     ___FILE_ONLY___ 

2025-12-12 13:07:22,263 INFO     ___FILE_ONLY___   
2025-12-12 13:07:22,263 INFO     ___FILE_ONLY___ id
2025-12-12 13:07:22,263 INFO     ___FILE_ONLY___ :
2025-12-12 13:07:22,263 INFO     ___FILE_ONLY___  '
2025-12-12 13:07:22,264 INFO     ___FILE_ONLY___ 259422791114
2025-12-12 13:07:22,264 INFO     ___FILE_ONLY___ '
2025-12-12 13:07:22,264 INFO     ___FILE_ONLY___ 

2025-12-12 13:07:22,264 INFO     ___FILE_ONLY___   
2025-12-12 13:07:22,264 INFO     ___FILE_ONLY___ type
2025-12-12 13:07:22,264 INFO     ___FILE_ONLY___ :
2025-12-12 13:07:22,264 INFO     ___FILE_ONLY___  
2025-12-12 13:07:22,264 INFO     ___FILE_ONLY___ organization
2025-12-12 13:07:22,264 INFO     ___FILE_ONLY___ 

2025-12-12 13:07:22,265 INFO     ___FILE_ONLY___ projectId
2025-12-12 13:07:22,265 INFO     ___FILE_ONLY___ :
2025-12-12 13:07:22,265 INFO     ___FILE_ONLY___  
2025-12-12 13:07:22,265 INFO     ___FILE_ONLY___ true-shoreline-469411-a3
2025-12-12 13:07:22,265 INFO     ___FILE_ONLY___ 

2025-12-12 13:07:22,265 INFO     ___FILE_ONLY___ projectNumber
2025-12-12 13:07:22,266 INFO     ___FILE_ONLY___ :
2025-12-12 13:07:22,266 INFO     ___FILE_ONLY___  '
2025-12-12 13:07:22,266 INFO     ___FILE_ONLY___ 309524653590
2025-12-12 13:07:22,266 INFO     ___FILE_ONLY___ '
2025-12-12 13:07:22,266 INFO     ___FILE_ONLY___ 

2025-12-12 13:07:22,276 DEBUG    root            SDK update checks are disabled.
