2025-12-12 13:10:12,162 DEBUG    root            Loaded Command Group: ['gcloud', 'auth']
2025-12-12 13:10:12,163 DEBUG    root            Loaded Command Group: ['gcloud', 'auth', 'list']
2025-12-12 13:10:12,165 DEBUG    root            Running [gcloud.auth.list] with arguments: []
2025-12-12 13:10:12,178 DEBUG    root            Chosen display Format:    table[title='Credentialed Accounts'](
        status.yesno(yes='*', no=''):label=ACTIVE,
        account
    )
2025-12-12 13:10:12,179 INFO     root            Display format: "    table[title='Credentialed Accounts'](
        status.yesno(yes='*', no=''):label=ACTIVE,
        account
    )"
2025-12-12 13:10:12,225 INFO     ___FILE_ONLY___                   Credentialed Accounts
2025-12-12 13:10:12,225 INFO     ___FILE_ONLY___ 

2025-12-12 13:10:12,225 INFO     ___FILE_ONLY___ ACTIVE
2025-12-12 13:10:12,226 INFO     ___FILE_ONLY___   
2025-12-12 13:10:12,226 INFO     ___FILE_ONLY___ ACCOUNT
2025-12-12 13:10:12,226 INFO     ___FILE_ONLY___ 

2025-12-12 13:10:12,226 INFO     ___FILE_ONLY___ *
2025-12-12 13:10:12,226 INFO     ___FILE_ONLY___        
2025-12-12 13:10:12,226 INFO     ___FILE_ONLY___ 309524653590-compute@developer.gserviceaccount.com
2025-12-12 13:10:12,226 INFO     ___FILE_ONLY___ 

2025-12-12 13:10:12,226 INFO     ___FILE_ONLY___ 
To set the active account, run:
    $ gcloud config set account `ACCOUNT`


2025-12-12 13:10:12,242 DEBUG    root            SDK update checks are disabled.
