2025-12-11 05:30:39,550 DEBUG    root            Loaded Command Group: ['gcloud', 'iam']
2025-12-11 05:30:39,562 DEBUG    root            Loaded Command Group: ['gcloud', 'iam', 'service_accounts']
2025-12-11 05:30:39,614 DEBUG    root            Loaded Command Group: ['gcloud', 'iam', 'service-accounts', 'create']
2025-12-11 05:30:39,625 DEBUG    root            Running [gcloud.iam.service-accounts.create] with arguments: [--display-name: "Terraform Service Account", NAME: "terraform-sa"]
2025-12-11 05:30:39,803 DEBUG    google.auth.transport.requests Making request: GET http://metadata.google.internal/computeMetadata/v1/instance/service-accounts/309524653590-compute@developer.gserviceaccount.com/?recursive=true
2025-12-11 05:30:39,807 DEBUG    urllib3.connectionpool Starting new HTTP connection (1): metadata.google.internal:80
2025-12-11 05:30:39,810 DEBUG    urllib3.connectionpool http://metadata.google.internal:80 "GET /computeMetadata/v1/instance/service-accounts/309524653590-compute@developer.gserviceaccount.com/?recursive=true HTTP/1.1" 200 197
2025-12-11 05:30:39,812 DEBUG    google.auth.transport.requests Making request: GET http://metadata.google.internal/computeMetadata/v1/instance/service-accounts/309524653590-compute@developer.gserviceaccount.com/token
2025-12-11 05:30:39,815 DEBUG    urllib3.connectionpool http://metadata.google.internal:80 "GET /computeMetadata/v1/instance/service-accounts/309524653590-compute@developer.gserviceaccount.com/token HTTP/1.1" 200 870
2025-12-11 05:30:39,837 DEBUG    urllib3.connectionpool Starting new HTTPS connection (1): iam.googleapis.com:443
2025-12-11 05:30:39,863 DEBUG    urllib3.connectionpool https://iam.googleapis.com:443 "POST /v1/projects/true-shoreline-469411-a3/serviceAccounts?alt=json HTTP/1.1" 403 None
2025-12-11 05:30:39,873 DEBUG    root            Chosen display Format:default
2025-12-11 05:30:40,032 DEBUG    root            Chosen display Format:default
2025-12-11 05:30:40,034 DEBUG    root            Chosen display Format:default
2025-12-11 05:30:40,035 DEBUG    root            (gcloud.iam.service-accounts.create) [309524653590-compute@developer.gserviceaccount.com] does not have permission to access projects instance [true-shoreline-469411-a3] (or it may not exist): Request had insufficient authentication scopes. This command is authenticated as 309524653590-compute@developer.gserviceaccount.com which is the active account specified by the [core/account] property.
- '@type': type.googleapis.com/google.rpc.ErrorInfo
  domain: googleapis.com
  metadata:
    method: google.iam.admin.v1.IAM.CreateServiceAccount
    service: iam.googleapis.com
  reason: ACCESS_TOKEN_SCOPE_INSUFFICIENT

If you are in a compute engine VM, it is likely that the specified scopes during VM creation are not enough to run this command.
See https://cloud.google.com/compute/docs/access/service-accounts#accesscopesiam for more information about access scopes.
See https://cloud.google.com/compute/docs/access/create-enable-service-accounts-for-instances#changeserviceaccountandscopes for how to update access scopes of the VM.
Traceback (most recent call last):
  File "/usr/bin/../lib/google-cloud-sdk/lib/googlecloudsdk/calliope/cli.py", line 944, in Execute
    resources = calliope_command.Run(cli=self, args=args)
  File "/usr/bin/../lib/google-cloud-sdk/lib/googlecloudsdk/calliope/backend.py", line 955, in Run
    resources = command_instance.Run(args)
  File "/usr/bin/../lib/google-cloud-sdk/lib/surface/iam/service_accounts/create.py", line 74, in Run
    result = client.projects_serviceAccounts.Create(
        messages.IamProjectsServiceAccountsCreateRequest(
    ...<4 lines>...
                    displayName=args.display_name,
                    description=args.description))))
  File "/usr/bin/../lib/google-cloud-sdk/lib/googlecloudsdk/generated_clients/apis/iam/v1/iam_v1_client.py", line 4363, in Create
    return self._RunMethod(
           ~~~~~~~~~~~~~~~^
        config, request, global_params=global_params)
        ^^^^^^^^^^^^^^^^^^^^^^^^^^^^^^^^^^^^^^^^^^^^^
  File "/usr/bin/../lib/google-cloud-sdk/lib/third_party/apitools/base/py/base_api.py", line 747, in _RunMethod
    return self.ProcessHttpResponse(method_config, http_response, request)
           ~~~~~~~~~~~~~~~~~~~~~~~~^^^^^^^^^^^^^^^^^^^^^^^^^^^^^^^^^^^^^^^
  File "/usr/bin/../lib/google-cloud-sdk/lib/third_party/apitools/base/py/base_api.py", line 753, in ProcessHttpResponse
    self.__ProcessHttpResponse(method_config, http_response, request))
    ~~~~~~~~~~~~~~~~~~~~~~~~~~^^^^^^^^^^^^^^^^^^^^^^^^^^^^^^^^^^^^^^^
  File "/usr/bin/../lib/google-cloud-sdk/lib/third_party/apitools/base/py/base_api.py", line 612, in __ProcessHttpResponse
    raise exceptions.HttpError.FromResponse(
        http_response, method_config=method_config, request=request)
apitools.base.py.exceptions.HttpForbiddenError: HttpError accessing <https://iam.googleapis.com/v1/projects/true-shoreline-469411-a3/serviceAccounts?alt=json>: response: <{'www-authenticate': 'Bearer realm="https://accounts.google.com/", error="insufficient_scope", scope="https://www.googleapis.com/auth/iam https://www.googleapis.com/auth/cloud-platform"', 'vary': 'Origin, X-Origin, Referer', 'content-type': 'application/json; charset=UTF-8', 'content-encoding': 'gzip', 'date': 'Thu, 11 Dec 2025 05:30:39 GMT', 'server': 'ESF', 'x-xss-protection': '0', 'x-frame-options': 'SAMEORIGIN', 'x-content-type-options': 'nosniff', 'transfer-encoding': 'chunked', 'status': 403}>, content <{
  "error": {
    "code": 403,
    "message": "Request had insufficient authentication scopes.",
    "status": "PERMISSION_DENIED",
    "details": [
      {
        "@type": "type.googleapis.com/google.rpc.ErrorInfo",
        "reason": "ACCESS_TOKEN_SCOPE_INSUFFICIENT",
        "domain": "googleapis.com",
        "metadata": {
          "service": "iam.googleapis.com",
          "method": "google.iam.admin.v1.IAM.CreateServiceAccount"
        }
      }
    ]
  }
}
>
2025-12-11 05:30:40,055 ERROR    root            (gcloud.iam.service-accounts.create) [309524653590-compute@developer.gserviceaccount.com] does not have permission to access projects instance [true-shoreline-469411-a3] (or it may not exist): Request had insufficient authentication scopes. This command is authenticated as 309524653590-compute@developer.gserviceaccount.com which is the active account specified by the [core/account] property.
- '@type': type.googleapis.com/google.rpc.ErrorInfo
  domain: googleapis.com
  metadata:
    method: google.iam.admin.v1.IAM.CreateServiceAccount
    service: iam.googleapis.com
  reason: ACCESS_TOKEN_SCOPE_INSUFFICIENT

If you are in a compute engine VM, it is likely that the specified scopes during VM creation are not enough to run this command.
See https://cloud.google.com/compute/docs/access/service-accounts#accesscopesiam for more information about access scopes.
See https://cloud.google.com/compute/docs/access/create-enable-service-accounts-for-instances#changeserviceaccountandscopes for how to update access scopes of the VM.
